<?xml version="1.0" encoding="UTF-8"?>
<testng-results ignored="0" total="1" passed="1" failed="0" skipped="0">
  <reporter-output>
  </reporter-output>
  <suite started-at="2024-07-09T17:44:38 IST" name="Default suite" finished-at="2024-07-09T17:44:45 IST" duration-ms="7218">
    <groups>
      <group name="cucumber">
        <method signature="AbstractTestNGCucumberTests.runScenario(io.cucumber.testng.PickleWrapper,io.cucumber.testng.FeatureWrapper)[pri:0, instance:CucumberOptions.TestNGTestRunner@3fc2959f]" name="runScenario" class="io.cucumber.testng.AbstractTestNGCucumberTests"/>
      </group> <!-- cucumber -->
    </groups>
    <test started-at="2024-07-09T17:44:38 IST" name="Default test" finished-at="2024-07-09T17:44:45 IST" duration-ms="7218">
      <class name="CucumberOptions.TestNGTestRunner">
        <test-method is-config="true" signature="setUpClass(org.testng.ITestContext)[pri:0, instance:CucumberOptions.TestNGTestRunner@3fc2959f]" started-at="2024-07-09T17:44:38 IST" name="setUpClass" finished-at="2024-07-09T17:44:38 IST" duration-ms="186" status="PASS">
          <params>
            <param index="0">
              <value>
                <![CDATA[org.testng.TestRunner@14bae047]]>
              </value>
            </param>
          </params>
          <reporter-output>
          </reporter-output>
        </test-method> <!-- setUpClass -->
        <test-method signature="runScenario(io.cucumber.testng.PickleWrapper,io.cucumber.testng.FeatureWrapper)[pri:0, instance:CucumberOptions.TestNGTestRunner@3fc2959f]" started-at="2024-07-09T17:44:38 IST" name="runScenario" description="Runs Cucumber Scenarios" data-provider="scenarios" finished-at="2024-07-09T17:44:45 IST" duration-ms="6981" status="PASS">
          <params>
            <param index="0">
              <value>
                <![CDATA["Search Experience for product search in both Homepage and Offerspage"]]>
              </value>
            </param>
            <param index="1">
              <value>
                <![CDATA["Search and Place the order for Products"]]>
              </value>
            </param>
          </params>
          <reporter-output>
          </reporter-output>
        </test-method> <!-- runScenario -->
        <test-method is-config="true" signature="tearDownClass()[pri:0, instance:CucumberOptions.TestNGTestRunner@3fc2959f]" started-at="2024-07-09T17:44:45 IST" name="tearDownClass" finished-at="2024-07-09T17:44:45 IST" duration-ms="3" status="PASS">
          <reporter-output>
          </reporter-output>
        </test-method> <!-- tearDownClass -->
      </class> <!-- CucumberOptions.TestNGTestRunner -->
    </test> <!-- Default test -->
  </suite> <!-- Default suite -->
</testng-results>
